<?xml version="1.0" encoding="UTF-8"?>
<!-- Generated by org.testng.reporters.JUnitReportReporter -->
<testsuite hostname="LIN34003062" failures="0" tests="2" name="package1.HomePage" time="78.793" errors="0" timestamp="2020-09-30T19:38:59 IST" skipped="0">
  <testcase classname="package1.HomePage" name="homePageNavigation" time="52.410"/>
  <system-out/>
  <testcase classname="package1.HomePage" name="homePageNavigation" time="26.383"/>
  <system-out/>
</testsuite> <!-- package1.HomePage -->
