<?xml version="1.0" encoding="UTF-8"?>
<!-- Generated by org.testng.reporters.JUnitReportReporter -->
<testsuite hostname="LIN34003062" failures="0" tests="1" name="Testcases.Login" time="4.819" errors="0" timestamp="2020-09-23T12:47:49 IST" skipped="0">
  <testcase classname="Testcases.Login" name="LoginApp" time="4.819"/>
  <system-out/>
</testsuite> <!-- Testcases.Login -->
