<?xml version="1.0" encoding="UTF-8"?>
<!-- Generated by org.testng.reporters.JUnitReportReporter -->
<testsuite hostname="LIN34003062" failures="0" tests="1" name="TestNGPackage.ThirdTestNGclass" time="0.008" errors="0" timestamp="2021-05-23T16:05:35 IST" skipped="0">
  <testcase classname="TestNGPackage.ThirdTestNGclass" name="Webcarlon" time="0.008"/>
  <system-out/>
</testsuite> <!-- TestNGPackage.ThirdTestNGclass -->
