<?xml version="1.0" encoding="UTF-8"?>
<!-- Generated by org.testng.reporters.JUnitReportReporter -->
<testsuite hostname="LIN34003062" failures="0" tests="1" name="TestNGPackage.firstTestNGclass" time="0.011" errors="0" timestamp="2021-05-23T16:05:35 IST" skipped="0">
  <testcase classname="TestNGPackage.firstTestNGclass" name="test1" time="0.011"/>
  <system-out/>
</testsuite> <!-- TestNGPackage.firstTestNGclass -->
