<?xml version="1.0" encoding="UTF-8"?>
<!-- Generated by org.testng.reporters.JUnitReportReporter -->
<testsuite hostname="LIN34003062" failures="0" tests="4" name="TestNGPackage.FourthTestNGclass2" time="0.010" errors="0" timestamp="2021-05-23T16:05:35 IST" skipped="0">
  <testcase classname="TestNGPackage.FourthTestNGclass2" name="datademo" time="0.002"/>
  <system-out/>
  <testcase classname="TestNGPackage.FourthTestNGclass2" name="datademo" time="0.001"/>
  <system-out/>
  <testcase classname="TestNGPackage.FourthTestNGclass2" name="datademo" time="0.005"/>
  <system-out/>
  <testcase classname="TestNGPackage.FourthTestNGclass2" name="WebHomelon" time="0.002"/>
  <system-out/>
</testsuite> <!-- TestNGPackage.FourthTestNGclass2 -->
