<?xml version="1.0" encoding="UTF-8"?>
<!-- Generated by org.testng.reporters.JUnitReportReporter -->
<testsuite hostname="LIN34003062" failures="0" tests="2" name="package1.HomePage" time="237.922" errors="0" timestamp="2020-09-30T11:52:49 IST" skipped="0">
  <testcase classname="package1.HomePage" name="homePageNavigation" time="126.737"/>
  <system-out/>
  <testcase classname="package1.HomePage" name="homePageNavigation" time="111.185"/>
  <system-out/>
</testsuite> <!-- package1.HomePage -->
