<?xml version="1.0" encoding="UTF-8"?>
<!-- Generated by org.testng.reporters.JUnitReportReporter -->
<testsuite hostname="LIN34003062" failures="0" tests="1" name="cucumberOptionsPackage.TestRunner" time="107.175" errors="0" timestamp="2020-10-06T16:26:08 IST" skipped="0">
  <testcase classname="cucumberOptionsPackage.TestRunner" name="feature" time="107.175"/>
  <system-out/>
</testsuite> <!-- cucumberOptionsPackage.TestRunner -->
