<?xml version="1.0" encoding="UTF-8"?>
<!-- Generated by org.testng.reporters.JUnitReportReporter -->
<testsuite hostname="LIN34003062" failures="0" tests="2" name="MavenPackage.classAppium" time="0.014" errors="0" timestamp="2020-09-17T22:04:25 IST" skipped="0">
  <testcase classname="MavenPackage.classAppium" name="NativeAPP" time="0.002"/>
  <system-out/>
  <testcase classname="MavenPackage.classAppium" name="IOSAPP" time="0.012"/>
  <system-out/>
</testsuite> <!-- MavenPackage.classAppium -->
